<?xml version="1.0" encoding="UTF-8"?>
<coverage generated="1726698065042" clover="3.2.0">
  <project timestamp="1726698065043" name="All files">
    <metrics statements="43" coveredstatements="43" conditionals="19" coveredconditionals="16" methods="11" coveredmethods="11" elements="73" coveredelements="70" complexity="0" loc="43" ncloc="43" packages="3" files="5" classes="5"/>
    <package name="api">
      <metrics statements="11" coveredstatements="11" conditionals="0" coveredconditionals="0" methods="2" coveredmethods="2"/>
      <file name="axiosConfig.js" path="D:\0_SKS\TEST_PLATFORM\currency-exchange-react-frontend\src\api\axiosConfig.js">
        <metrics statements="1" coveredstatements="1" conditionals="0" coveredconditionals="0" methods="0" coveredmethods="0"/>
        <line num="3" count="2" type="stmt"/>
      </file>
      <file name="currencyService.js" path="D:\0_SKS\TEST_PLATFORM\currency-exchange-react-frontend\src\api\currencyService.js">
        <metrics statements="10" coveredstatements="10" conditionals="0" coveredconditionals="0" methods="2" coveredmethods="2"/>
        <line num="3" count="2" type="stmt"/>
        <line num="4" count="2" type="stmt"/>
        <line num="5" count="2" type="stmt"/>
        <line num="6" count="1" type="stmt"/>
        <line num="8" count="1" type="stmt"/>
        <line num="12" count="2" type="stmt"/>
        <line num="13" count="2" type="stmt"/>
        <line num="14" count="2" type="stmt"/>
        <line num="17" count="1" type="stmt"/>
        <line num="19" count="1" type="stmt"/>
      </file>
    </package>
    <package name="components">
      <metrics statements="31" coveredstatements="31" conditionals="19" coveredconditionals="16" methods="9" coveredmethods="9"/>
      <file name="CurrencyConverterForm.jsx" path="D:\0_SKS\TEST_PLATFORM\currency-exchange-react-frontend\src\components\CurrencyConverterForm.jsx">
        <metrics statements="6" coveredstatements="6" conditionals="6" coveredconditionals="6" methods="3" coveredmethods="3"/>
        <line num="7" count="1" type="stmt"/>
        <line num="17" count="1" type="stmt"/>
        <line num="22" count="6" type="stmt"/>
        <line num="26" count="6" type="stmt"/>
        <line num="33" count="60" type="stmt"/>
        <line num="46" count="60" type="stmt"/>
      </file>
      <file name="ExchangeRates.jsx" path="D:\0_SKS\TEST_PLATFORM\currency-exchange-react-frontend\src\components\ExchangeRates.jsx">
        <metrics statements="25" coveredstatements="25" conditionals="13" coveredconditionals="10" methods="6" coveredmethods="6"/>
        <line num="6" count="1" type="stmt"/>
        <line num="7" count="10" type="stmt"/>
        <line num="8" count="10" type="stmt"/>
        <line num="10" count="9" type="stmt"/>
        <line num="11" count="5" type="stmt"/>
        <line num="13" count="5" type="stmt"/>
        <line num="14" count="5" type="stmt"/>
        <line num="15" count="5" type="stmt"/>
        <line num="16" count="4" type="cond" truecount="5" falsecount="0"/>
        <line num="17" count="2" type="stmt"/>
        <line num="18" count="2" type="stmt"/>
        <line num="20" count="2" type="stmt"/>
        <line num="21" count="2" type="cond" truecount="1" falsecount="1"/>
        <line num="24" count="1" type="stmt"/>
        <line num="25" count="1" type="cond" truecount="1" falsecount="1"/>
        <line num="29" count="5" type="stmt"/>
        <line num="30" count="5" type="stmt"/>
        <line num="32" count="5" type="stmt"/>
        <line num="33" count="5" type="stmt"/>
        <line num="34" count="5" type="stmt"/>
        <line num="38" count="9" type="cond" truecount="2" falsecount="0"/>
        <line num="39" count="5" type="stmt"/>
        <line num="42" count="4" type="stmt"/>
        <line num="47" count="9" type="stmt"/>
        <line num="49" count="9" type="stmt"/>
      </file>
    </package>
    <package name="constants">
      <metrics statements="1" coveredstatements="1" conditionals="0" coveredconditionals="0" methods="0" coveredmethods="0"/>
      <file name="currencies.js" path="D:\0_SKS\TEST_PLATFORM\currency-exchange-react-frontend\src\constants\currencies.js">
        <metrics statements="1" coveredstatements="1" conditionals="0" coveredconditionals="0" methods="0" coveredmethods="0"/>
        <line num="1" count="2" type="stmt"/>
      </file>
    </package>
  </project>
</coverage>
