{"D:\\0_SKS\\TEST_PLATFORM\\currency-exchange-react-frontend\\src\\api\\axiosConfig.js": {"path":"D:\\0_SKS\\TEST_PLATFORM\\currency-exchange-react-frontend\\src\\api\\axiosConfig.js","statementMap":{"0":{"start":{"line":3,"column":22},"end":{"line":6,"column":2}}},"fnMap":{},"branchMap":{},"s":{"0":2},"f":{},"b":{},"_coverageSchema":"1a1c01bbd47fc00a2c39e90264f33305004495a9","hash":"f53ac88c4fe6c67cbbfe03f6dcf23df57dde4e6b"}
,"D:\\0_SKS\\TEST_PLATFORM\\currency-exchange-react-frontend\\src\\api\\currencyService.js": {"path":"D:\\0_SKS\\TEST_PLATFORM\\currency-exchange-react-frontend\\src\\api\\currencyService.js","statementMap":{"0":{"start":{"line":3,"column":32},"end":{"line":10,"column":1}},"1":{"start":{"line":4,"column":2},"end":{"line":9,"column":3}},"2":{"start":{"line":5,"column":21},"end":{"line":5,"column":46}},"3":{"start":{"line":6,"column":4},"end":{"line":6,"column":25}},"4":{"start":{"line":8,"column":4},"end":{"line":8,"column":16}},"5":{"start":{"line":12,"column":31},"end":{"line":21,"column":1}},"6":{"start":{"line":13,"column":2},"end":{"line":20,"column":3}},"7":{"start":{"line":14,"column":21},"end":{"line":16,"column":6}},"8":{"start":{"line":17,"column":4},"end":{"line":17,"column":25}},"9":{"start":{"line":19,"column":4},"end":{"line":19,"column":16}}},"fnMap":{"0":{"name":"(anonymous_0)","decl":{"start":{"line":3,"column":32},"end":{"line":3,"column":33}},"loc":{"start":{"line":3,"column":44},"end":{"line":10,"column":1}},"line":3},"1":{"name":"(anonymous_1)","decl":{"start":{"line":12,"column":31},"end":{"line":12,"column":32}},"loc":{"start":{"line":12,"column":59},"end":{"line":21,"column":1}},"line":12}},"branchMap":{},"s":{"0":2,"1":2,"2":2,"3":1,"4":1,"5":2,"6":2,"7":2,"8":1,"9":1},"f":{"0":2,"1":2},"b":{},"_coverageSchema":"1a1c01bbd47fc00a2c39e90264f33305004495a9","hash":"cf0ccd8a2ce24f810f03b067dbd8fa695ba29771"}
,"D:\\0_SKS\\TEST_PLATFORM\\currency-exchange-react-frontend\\src\\components\\CurrencyConverterForm.jsx": {"path":"D:\\0_SKS\\TEST_PLATFORM\\currency-exchange-react-frontend\\src\\components\\CurrencyConverterForm.jsx","statementMap":{"0":{"start":{"line":7,"column":25},"end":{"line":15,"column":2}},"1":{"start":{"line":17,"column":30},"end":{"line":65,"column":1}},"2":{"start":{"line":22,"column":6},"end":{"line":24,"column":4}},"3":{"start":{"line":26,"column":2},"end":{"line":64,"column":4}},"4":{"start":{"line":33,"column":12},"end":{"line":35,"column":21}},"5":{"start":{"line":46,"column":12},"end":{"line":48,"column":21}}},"fnMap":{"0":{"name":"(anonymous_0)","decl":{"start":{"line":17,"column":30},"end":{"line":17,"column":31}},"loc":{"start":{"line":17,"column":48},"end":{"line":65,"column":1}},"line":17},"1":{"name":"(anonymous_1)","decl":{"start":{"line":32,"column":26},"end":{"line":32,"column":27}},"loc":{"start":{"line":33,"column":12},"end":{"line":35,"column":21}},"line":33},"2":{"name":"(anonymous_2)","decl":{"start":{"line":45,"column":26},"end":{"line":45,"column":27}},"loc":{"start":{"line":46,"column":12},"end":{"line":48,"column":21}},"line":46}},"branchMap":{"0":{"loc":{"start":{"line":38,"column":9},"end":{"line":38,"column":78}},"type":"binary-expr","locations":[{"start":{"line":38,"column":9},"end":{"line":38,"column":20}},{"start":{"line":38,"column":24},"end":{"line":38,"column":78}}],"line":38},"1":{"loc":{"start":{"line":51,"column":9},"end":{"line":51,"column":74}},"type":"binary-expr","locations":[{"start":{"line":51,"column":9},"end":{"line":51,"column":18}},{"start":{"line":51,"column":22},"end":{"line":51,"column":74}}],"line":51},"2":{"loc":{"start":{"line":57,"column":9},"end":{"line":59,"column":9}},"type":"binary-expr","locations":[{"start":{"line":57,"column":9},"end":{"line":57,"column":22}},{"start":{"line":58,"column":10},"end":{"line":58,"column":66}}],"line":57}},"s":{"0":1,"1":1,"2":6,"3":6,"4":60,"5":60},"f":{"0":6,"1":60,"2":60},"b":{"0":[6,1],"1":[6,1],"2":[6,2]},"_coverageSchema":"1a1c01bbd47fc00a2c39e90264f33305004495a9","hash":"e4d6bb727c2aa614abe9c323e75931ad696247b8"}
,"D:\\0_SKS\\TEST_PLATFORM\\currency-exchange-react-frontend\\src\\components\\ExchangeRates.jsx": {"path":"D:\\0_SKS\\TEST_PLATFORM\\currency-exchange-react-frontend\\src\\components\\ExchangeRates.jsx","statementMap":{"0":{"start":{"line":6,"column":22},"end":{"line":56,"column":1}},"1":{"start":{"line":7,"column":30},"end":{"line":7,"column":48}},"2":{"start":{"line":8,"column":32},"end":{"line":8,"column":46}},"3":{"start":{"line":10,"column":2},"end":{"line":36,"column":17}},"4":{"start":{"line":11,"column":20},"end":{"line":11,"column":24}},"5":{"start":{"line":13,"column":23},"end":{"line":27,"column":5}},"6":{"start":{"line":14,"column":6},"end":{"line":26,"column":7}},"7":{"start":{"line":15,"column":21},"end":{"line":15,"column":45}},"8":{"start":{"line":16,"column":8},"end":{"line":22,"column":9}},"9":{"start":{"line":17,"column":10},"end":{"line":17,"column":42}},"10":{"start":{"line":18,"column":10},"end":{"line":18,"column":28}},"11":{"start":{"line":20,"column":10},"end":{"line":20,"column":58}},"12":{"start":{"line":21,"column":10},"end":{"line":21,"column":43}},"13":{"start":{"line":21,"column":25},"end":{"line":21,"column":43}},"14":{"start":{"line":24,"column":8},"end":{"line":24,"column":54}},"15":{"start":{"line":25,"column":8},"end":{"line":25,"column":41}},"16":{"start":{"line":25,"column":23},"end":{"line":25,"column":41}},"17":{"start":{"line":29,"column":4},"end":{"line":29,"column":17}},"18":{"start":{"line":30,"column":23},"end":{"line":30,"column":52}},"19":{"start":{"line":32,"column":4},"end":{"line":35,"column":6}},"20":{"start":{"line":33,"column":6},"end":{"line":33,"column":24}},"21":{"start":{"line":34,"column":6},"end":{"line":34,"column":32}},"22":{"start":{"line":38,"column":2},"end":{"line":40,"column":3}},"23":{"start":{"line":39,"column":4},"end":{"line":39,"column":44}},"24":{"start":{"line":42,"column":2},"end":{"line":55,"column":4}},"25":{"start":{"line":47,"column":36},"end":{"line":47,"column":65}},"26":{"start":{"line":49,"column":16},"end":{"line":51,"column":21}}},"fnMap":{"0":{"name":"(anonymous_0)","decl":{"start":{"line":6,"column":22},"end":{"line":6,"column":23}},"loc":{"start":{"line":6,"column":28},"end":{"line":56,"column":1}},"line":6},"1":{"name":"(anonymous_1)","decl":{"start":{"line":10,"column":12},"end":{"line":10,"column":13}},"loc":{"start":{"line":10,"column":18},"end":{"line":36,"column":3}},"line":10},"2":{"name":"(anonymous_2)","decl":{"start":{"line":13,"column":23},"end":{"line":13,"column":24}},"loc":{"start":{"line":13,"column":35},"end":{"line":27,"column":5}},"line":13},"3":{"name":"(anonymous_3)","decl":{"start":{"line":32,"column":11},"end":{"line":32,"column":12}},"loc":{"start":{"line":32,"column":17},"end":{"line":35,"column":5}},"line":32},"4":{"name":"(anonymous_4)","decl":{"start":{"line":47,"column":20},"end":{"line":47,"column":21}},"loc":{"start":{"line":47,"column":36},"end":{"line":47,"column":65}},"line":47},"5":{"name":"(anonymous_5)","decl":{"start":{"line":48,"column":17},"end":{"line":48,"column":18}},"loc":{"start":{"line":49,"column":16},"end":{"line":51,"column":21}},"line":49}},"branchMap":{"0":{"loc":{"start":{"line":16,"column":8},"end":{"line":22,"column":9}},"type":"if","locations":[{"start":{"line":16,"column":8},"end":{"line":22,"column":9}},{"start":{"line":19,"column":15},"end":{"line":22,"column":9}}],"line":16},"1":{"loc":{"start":{"line":16,"column":12},"end":{"line":16,"column":54}},"type":"binary-expr","locations":[{"start":{"line":16,"column":12},"end":{"line":16,"column":21}},{"start":{"line":16,"column":25},"end":{"line":16,"column":29}},{"start":{"line":16,"column":33},"end":{"line":16,"column":54}}],"line":16},"2":{"loc":{"start":{"line":21,"column":10},"end":{"line":21,"column":43}},"type":"if","locations":[{"start":{"line":21,"column":10},"end":{"line":21,"column":43}},{"start":{},"end":{}}],"line":21},"3":{"loc":{"start":{"line":25,"column":8},"end":{"line":25,"column":41}},"type":"if","locations":[{"start":{"line":25,"column":8},"end":{"line":25,"column":41}},{"start":{},"end":{}}],"line":25},"4":{"loc":{"start":{"line":38,"column":2},"end":{"line":40,"column":3}},"type":"if","locations":[{"start":{"line":38,"column":2},"end":{"line":40,"column":3}},{"start":{},"end":{}}],"line":38},"5":{"loc":{"start":{"line":46,"column":28},"end":{"line":46,"column":39}},"type":"binary-expr","locations":[{"start":{"line":46,"column":28},"end":{"line":46,"column":33}},{"start":{"line":46,"column":37},"end":{"line":46,"column":39}}],"line":46}},"s":{"0":1,"1":10,"2":10,"3":9,"4":5,"5":5,"6":5,"7":5,"8":4,"9":2,"10":2,"11":2,"12":2,"13":2,"14":1,"15":1,"16":1,"17":5,"18":5,"19":5,"20":5,"21":5,"22":9,"23":5,"24":4,"25":9,"26":9},"f":{"0":10,"1":5,"2":5,"3":5,"4":9,"5":9},"b":{"0":[2,2],"1":[4,4,3],"2":[2,0],"3":[1,0],"4":[5,4],"5":[4,0]},"_coverageSchema":"1a1c01bbd47fc00a2c39e90264f33305004495a9","hash":"0755e4432f4b3d3a06db6a6e31f6caf373095cf4"}
,"D:\\0_SKS\\TEST_PLATFORM\\currency-exchange-react-frontend\\src\\constants\\currencies.js": {"path":"D:\\0_SKS\\TEST_PLATFORM\\currency-exchange-react-frontend\\src\\constants\\currencies.js","statementMap":{"0":{"start":{"line":1,"column":26},"end":{"line":3,"column":3}}},"fnMap":{},"branchMap":{},"s":{"0":2},"f":{},"b":{},"_coverageSchema":"1a1c01bbd47fc00a2c39e90264f33305004495a9","hash":"352003a97bf1f1c6394a8f91a97f730e9e5c3d79"}
}
