TN:
SF:src\api\axiosConfig.js
FNF:0
FNH:0
DA:3,2
LF:1
LH:1
BRF:0
BRH:0
end_of_record
TN:
SF:src\api\currencyService.js
FN:3,(anonymous_0)
FN:12,(anonymous_1)
FNF:2
FNH:2
FNDA:2,(anonymous_0)
FNDA:2,(anonymous_1)
DA:3,2
DA:4,2
DA:5,2
DA:6,1
DA:8,1
DA:12,2
DA:13,2
DA:14,2
DA:17,1
DA:19,1
LF:10
LH:10
BRF:0
BRH:0
end_of_record
TN:
SF:src\components\CurrencyConverterForm.jsx
FN:17,(anonymous_0)
FN:32,(anonymous_1)
FN:45,(anonymous_2)
FNF:3
FNH:3
FNDA:6,(anonymous_0)
FNDA:60,(anonymous_1)
FNDA:60,(anonymous_2)
DA:7,1
DA:17,1
DA:22,6
DA:26,6
DA:33,60
DA:46,60
LF:6
LH:6
BRDA:38,0,0,6
BRDA:38,0,1,1
BRDA:51,1,0,6
BRDA:51,1,1,1
BRDA:57,2,0,6
BRDA:57,2,1,2
BRF:6
BRH:6
end_of_record
TN:
SF:src\components\ExchangeRates.jsx
FN:6,(anonymous_0)
FN:10,(anonymous_1)
FN:13,(anonymous_2)
FN:32,(anonymous_3)
FN:47,(anonymous_4)
FN:48,(anonymous_5)
FNF:6
FNH:6
FNDA:10,(anonymous_0)
FNDA:5,(anonymous_1)
FNDA:5,(anonymous_2)
FNDA:5,(anonymous_3)
FNDA:9,(anonymous_4)
FNDA:9,(anonymous_5)
DA:6,1
DA:7,10
DA:8,10
DA:10,9
DA:11,5
DA:13,5
DA:14,5
DA:15,5
DA:16,4
DA:17,2
DA:18,2
DA:20,2
DA:21,2
DA:24,1
DA:25,1
DA:29,5
DA:30,5
DA:32,5
DA:33,5
DA:34,5
DA:38,9
DA:39,5
DA:42,4
DA:47,9
DA:49,9
LF:25
LH:25
BRDA:16,0,0,2
BRDA:16,0,1,2
BRDA:16,1,0,4
BRDA:16,1,1,4
BRDA:16,1,2,3
BRDA:21,2,0,2
BRDA:21,2,1,0
BRDA:25,3,0,1
BRDA:25,3,1,0
BRDA:38,4,0,5
BRDA:38,4,1,4
BRDA:46,5,0,4
BRDA:46,5,1,0
BRF:13
BRH:10
end_of_record
TN:
SF:src\constants\currencies.js
FNF:0
FNH:0
DA:1,2
LF:1
LH:1
BRF:0
BRH:0
end_of_record
